<?xml version="1.0" encoding="UTF-8"?>
<testsuite xmlns:xsi="http://www.w3.org/2001/XMLSchema-instance" xsi:noNamespaceSchemaLocation="https://maven.apache.org/surefire/maven-surefire-plugin/xsd/surefire-test-report.xsd" name="runner.RunTest" time="32.184" tests="4" errors="0" skipped="0" failures="4">
  <properties>
[...]
</properties>
  <testcase name="runScenario" classname="runner.RunTest" time="8.495">
    <failure message="Step [user enter (.*) as username] is defined with 1 parameters at &apos;mapping.Login.user_enter_as_username(java.lang.String)&apos;.&#10;However, the gherkin step has 0 arguments.&#10;Step text: user enter Admin as username" type="io.cucumber.core.exception.CucumberException">io.cucumber.core.exception.CucumberException: 
Step [user enter (.*) as username] is defined with 1 parameters at 'mapping.Login.user_enter_as_username(java.lang.String)'.
However, the gherkin step has 0 arguments.
Step text: user enter Admin as username
</failure>
    <system-out><![CDATA[---------------Scenario start-------------------
---------------Scenario end-------------------
]]></system-out>
    <system-err><![CDATA[SLF4J: Failed to load class "org.slf4j.impl.StaticLoggerBinder".
SLF4J: Defaulting to no-operation (NOP) logger implementation
SLF4J: See http://www.slf4j.org/codes.html#StaticLoggerBinder for further details.
May 24, 2023 2:25:43 PM io.cucumber.core.options.CucumberPropertiesParser parse
WARNING: Passing commandline options via the property `cucumber.options` has been deprecatedin favour of explicitly using property names.
Please use these instead: [cucumber.ansi-colors.disabled, cucumber.execution.dry-run, cucumber.execution.limit, cucumber.execution.order, cucumber.execution.strict, cucumber.execution.wip, cucumber.features, cucumber.filter.name, cucumber.filter.tags, cucumber.glue, cucumber.object-factory, cucumber.plugin, cucumber.snippet-type]
May 24, 2023 2:25:43 PM io.cucumber.testng.TestNGCucumberRunner <init>
WARNING: By default Cucumber is running in --non-strict mode.
This default will change to --strict and --non-strict will be removed.
You can use --strict or @CucumberOptions(strict = true) to suppress this warning
Starting ChromeDriver 112.0.5615.49 (bd2a7bcb881c11e8cfe3078709382934e3916914-refs/branch-heads/5615@{#936}) on port 14800
Only local connections are allowed.
Please see https://chromedriver.chromium.org/security-considerations for suggestions on keeping ChromeDriver safe.
ChromeDriver was started successfully.
[1684918548.107][WARNING]: This version of ChromeDriver has not been tested with Chrome version 113.
May 24, 2023 2:25:48 PM org.openqa.selenium.remote.ProtocolHandshake createSession
INFO: Detected dialect: W3C
]]></system-err>
  </testcase>
  <testcase name="runScenario" classname="runner.RunTest" time="5.187">
    <failure message="Step [user enter (.*) as username] is defined with 1 parameters at &apos;mapping.Login.user_enter_as_username(java.lang.String)&apos;.&#10;However, the gherkin step has 0 arguments.&#10;Step text: user enter AdminA as username" type="io.cucumber.core.exception.CucumberException">io.cucumber.core.exception.CucumberException: 
Step [user enter (.*) as username] is defined with 1 parameters at 'mapping.Login.user_enter_as_username(java.lang.String)'.
However, the gherkin step has 0 arguments.
Step text: user enter AdminA as username
</failure>
    <system-out><![CDATA[---------------Scenario start-------------------
---------------Scenario end-------------------
]]></system-out>
    <system-err><![CDATA[Starting ChromeDriver 112.0.5615.49 (bd2a7bcb881c11e8cfe3078709382934e3916914-refs/branch-heads/5615@{#936}) on port 5869
Only local connections are allowed.
Please see https://chromedriver.chromium.org/security-considerations for suggestions on keeping ChromeDriver safe.
ChromeDriver was started successfully.
[1684918553.245][WARNING]: This version of ChromeDriver has not been tested with Chrome version 113.
May 24, 2023 2:25:53 PM org.openqa.selenium.remote.ProtocolHandshake createSession
INFO: Detected dialect: W3C
]]></system-err>
  </testcase>
  <testcase name="runScenario" classname="runner.RunTest" time="5.905">
    <failure message="Step [user enter (.*) as username] is defined with 1 parameters at &apos;mapping.Login.user_enter_as_username(java.lang.String)&apos;.&#10;However, the gherkin step has 0 arguments.&#10;Step text: user enter adminB as username" type="io.cucumber.core.exception.CucumberException">io.cucumber.core.exception.CucumberException: 
Step [user enter (.*) as username] is defined with 1 parameters at 'mapping.Login.user_enter_as_username(java.lang.String)'.
However, the gherkin step has 0 arguments.
Step text: user enter adminB as username
</failure>
    <system-out><![CDATA[---------------Scenario start-------------------
---------------Scenario end-------------------
]]></system-out>
    <system-err><![CDATA[Starting ChromeDriver 112.0.5615.49 (bd2a7bcb881c11e8cfe3078709382934e3916914-refs/branch-heads/5615@{#936}) on port 4523
Only local connections are allowed.
Please see https://chromedriver.chromium.org/security-considerations for suggestions on keeping ChromeDriver safe.
ChromeDriver was started successfully.
[1684918558.638][WARNING]: This version of ChromeDriver has not been tested with Chrome version 113.
May 24, 2023 2:25:59 PM org.openqa.selenium.remote.ProtocolHandshake createSession
INFO: Detected dialect: W3C
]]></system-err>
  </testcase>
  <testcase name="runScenario" classname="runner.RunTest" time="10.302">
    <failure message="Step [user enter (.*) as username] is defined with 1 parameters at &apos;mapping.Login.user_enter_as_username(java.lang.String)&apos;.&#10;However, the gherkin step has 0 arguments.&#10;Step text: user enter &quot;Admin&quot; as username" type="io.cucumber.core.exception.CucumberException">io.cucumber.core.exception.CucumberException: 
Step [user enter (.*) as username] is defined with 1 parameters at 'mapping.Login.user_enter_as_username(java.lang.String)'.
However, the gherkin step has 0 arguments.
Step text: user enter "Admin" as username
</failure>
    <system-out><![CDATA[---------------Scenario start-------------------
---------------Scenario end-------------------
]]></system-out>
    <system-err><![CDATA[Starting ChromeDriver 112.0.5615.49 (bd2a7bcb881c11e8cfe3078709382934e3916914-refs/branch-heads/5615@{#936}) on port 7427
Only local connections are allowed.
Please see https://chromedriver.chromium.org/security-considerations for suggestions on keeping ChromeDriver safe.
ChromeDriver was started successfully.
[1684918564.888][WARNING]: This version of ChromeDriver has not been tested with Chrome version 113.
May 24, 2023 2:26:06 PM org.openqa.selenium.remote.ProtocolHandshake createSession
INFO: Detected dialect: W3C
]]></system-err>
  </testcase>
</testsuite>